		ELEVATION	BASEDEMAND	PRESSURE	HEAD	DEMAND
		m	LPS	m	m	LPS
2		00:00:00	2,03e+03	0,00	-1,28	2,03e+03	0,00
10		00:00:00	2,06e+03	-5,00	-0,58	2,05e+03	5,00
11	Embalse	00:00:00	2,06e+03	0,00	0,00	2,06e+03	-19,21
3	T1	00:00:00	2,03e+03	0,00	0,40	2,03e+03	14,21
4	T2	00:00:00	2,02e+03	0,00	0,50	2,02e+03	0,00
5	T3	00:00:00	2,01e+03	0,00	0,10	2,01e+03	0,00
6	T4	00:00:00	2,01e+03	0,00	0,50	2,01e+03	0,00
7	T5	00:00:00	2,01e+03	0,00	0,10	2,01e+03	0,00
8	T6	00:00:00	2,01e+03	0,00	0,20	2,01e+03	0,00
9	Estanque de Almacenamiento	00:00:00	2,01e+03	0,00	1,20	2,01e+03	0,00
2		24:00:00	2,03e+03	0,00	-0,91	2,03e+03	0,00
10		24:00:00	2,06e+03	-5,00	-0,51	2,05e+03	5,00
11	Embalse	24:00:00	2,06e+03	0,00	0,00	2,06e+03	-19,12
3	T1	24:00:00	2,03e+03	0,00	0,78	2,03e+03	3,22
4	T2	24:00:00	2,02e+03	0,00	1,80	2,02e+03	6,74
5	T3	24:00:00	2,01e+03	0,00	0,15	2,01e+03	-11,11
6	T4	24:00:00	2,01e+03	0,00	0,66	2,01e+03	3,17
7	T5	24:00:00	2,01e+03	0,00	0,59	2,01e+03	1,11
8	T6	24:00:00	2,01e+03	0,00	1,00	2,01e+03	10,98
9	Estanque de Almacenamiento	24:00:00	2,01e+03	0,00	1,20	2,01e+03	0,00
2		48:00:00	2,03e+03	0,00	31,48	2,06e+03	0,00
10		48:00:00	2,06e+03	-5,00	6,48	2,06e+03	0,00
11	Embalse	48:00:00	2,06e+03	0,00	0,00	2,06e+03	-3,04e-05
3	T1	48:00:00	2,03e+03	0,00	0,80	2,03e+03	-10,91
4	T2	48:00:00	2,02e+03	0,00	1,80	2,02e+03	6,75
5	T3	48:00:00	2,01e+03	0,00	0,14	2,01e+03	-13,41
6	T4	48:00:00	2,01e+03	0,00	0,50	2,01e+03	17,57
7	T5	48:00:00	2,01e+03	0,00	0,52	2,01e+03	-5,39
8	T6	48:00:00	2,01e+03	0,00	1,00	2,01e+03	5,39
9	Estanque de Almacenamiento	48:00:00	2,01e+03	0,00	1,20	2,01e+03	0,00
2		72:00:00	2,03e+03	0,00	-0,98	2,03e+03	0,00
10		72:00:00	2,06e+03	-5,00	2,19	2,06e+03	0,00
11	Embalse	72:00:00	2,06e+03	0,00	0,00	2,06e+03	-14,90
3	T1	72:00:00	2,03e+03	0,00	0,67	2,03e+03	4,09
4	T2	72:00:00	2,02e+03	0,00	1,80	2,02e+03	6,65
5	T3	72:00:00	2,01e+03	0,00	0,13	2,01e+03	-12,62
6	T4	72:00:00	2,01e+03	0,00	0,55	2,01e+03	4,67
7	T5	72:00:00	2,01e+03	0,00	0,48	2,01e+03	9,65
8	T6	72:00:00	2,01e+03	0,00	0,97	2,01e+03	2,46
9	Estanque de Almacenamiento	72:00:00	2,01e+03	0,00	1,20	2,01e+03	0,00
2		96:00:00	2,03e+03	0,00	-0,91	2,03e+03	0,00
10		96:00:00	2,06e+03	-5,00	-0,51	2,05e+03	5,00
11	Embalse	96:00:00	2,06e+03	0,00	0,00	2,06e+03	-19,12
3	T1	96:00:00	2,03e+03	0,00	0,77	2,03e+03	3,23
4	T2	96:00:00	2,02e+03	0,00	1,80	2,02e+03	6,74
5	T3	96:00:00	2,01e+03	0,00	0,19	2,01e+03	-12,56
6	T4	96:00:00	2,01e+03	0,00	0,61	2,01e+03	4,01
7	T5	96:00:00	2,01e+03	0,00	0,48	2,01e+03	17,87
8	T6	96:00:00	2,01e+03	0,00	1,00	2,01e+03	-5,17
9	Estanque de Almacenamiento	96:00:00	2,01e+03	0,00	1,20	2,01e+03	0,00
2		120:00:00	2,03e+03	0,00	-0,90	2,03e+03	0,00
10		120:00:00	2,06e+03	-5,00	-0,51	2,05e+03	5,00
11	Embalse	120:00:00	2,06e+03	0,00	0,00	2,06e+03	-19,12
3	T1	120:00:00	2,03e+03	0,00	0,79	2,03e+03	3,22
4	T2	120:00:00	2,02e+03	0,00	1,80	2,02e+03	6,73
5	T3	120:00:00	2,01e+03	0,00	0,10	2,01e+03	4,16
6	T4	120:00:00	2,01e+03	0,00	0,68	2,01e+03	-12,32
7	T5	120:00:00	2,01e+03	0,00	0,59	2,01e+03	1,66
8	T6	120:00:00	2,01e+03	0,00	1,00	2,01e+03	10,65
9	Estanque de Almacenamiento	120:00:00	2,01e+03	0,00	1,20	2,01e+03	0,00
2		144:00:00	2,03e+03	0,00	-0,88	2,03e+03	0,00
10		144:00:00	2,06e+03	-5,00	2,21	2,06e+03	0,00
11	Embalse	144:00:00	2,06e+03	0,00	0,00	2,06e+03	-14,87
3	T1	144:00:00	2,03e+03	0,00	0,77	2,03e+03	3,99
4	T2	144:00:00	2,02e+03	0,00	1,80	2,02e+03	6,72
5	T3	144:00:00	2,01e+03	0,00	0,10	2,01e+03	4,17
6	T4	144:00:00	2,01e+03	0,00	0,60	2,01e+03	-11,33
7	T5	144:00:00	2,01e+03	0,00	0,60	2,01e+03	0,05
8	T6	144:00:00	2,01e+03	0,00	1,00	2,01e+03	11,28
9	Estanque de Almacenamiento	144:00:00	2,01e+03	0,00	1,20	2,01e+03	0,00
2		168:00:00	2,03e+03	0,00	-0,91	2,03e+03	0,00
10		168:00:00	2,06e+03	-5,00	-0,51	2,05e+03	5,00
11	Embalse	168:00:00	2,06e+03	0,00	0,00	2,06e+03	-19,12
3	T1	168:00:00	2,03e+03	0,00	0,78	2,03e+03	3,22
4	T2	168:00:00	2,02e+03	0,00	1,80	2,02e+03	6,73
5	T3	168:00:00	2,01e+03	0,00	0,10	2,01e+03	4,16
6	T4	168:00:00	2,01e+03	0,00	0,65	2,01e+03	-11,86
7	T5	168:00:00	2,01e+03	0,00	0,60	2,01e+03	0,56
8	T6	168:00:00	2,01e+03	0,00	1,00	2,01e+03	11,30
9	Estanque de Almacenamiento	168:00:00	2,01e+03	0,00	1,20	2,01e+03	0,00
